<?xml version="1.0" encoding="UTF-8"?>
<testng-results ignored="6" total="9" passed="3" failed="0" skipped="0">
  <reporter-output>
  </reporter-output>
  <suite started-at="2022-10-10T22:06:57 IST" name="Suite" finished-at="2022-10-10T22:06:57 IST" duration-ms="100">
    <groups>
      <group name="regression3">
        <method signature="class1.Test3()[pri:0, instance:TestClasses.class1@71238fc2]" name="Test3" class="TestClasses.class1"/>
        <method signature="class2.Test3()[pri:0, instance:TestClasses.class2@3f6b0be5]" name="Test3" class="TestClasses.class2"/>
        <method signature="class3.Test3()[pri:0, instance:TestClasses.class3@22ef9844]" name="Test3" class="TestClasses.class3"/>
      </group> <!-- regression3 -->
    </groups>
    <test started-at="2022-10-10T22:06:57 IST" name="Test" finished-at="2022-10-10T22:06:57 IST" duration-ms="100">
      <class name="TestClasses.class3">
        <test-method signature="Test3()[pri:0, instance:TestClasses.class3@22ef9844]" started-at="2022-10-10T22:06:57 IST" name="Test3" finished-at="2022-10-10T22:06:57 IST" duration-ms="1" status="PASS">
          <reporter-output>
          </reporter-output>
        </test-method> <!-- Test3 -->
      </class> <!-- TestClasses.class3 -->
      <class name="TestClasses.class2">
        <test-method signature="Test3()[pri:0, instance:TestClasses.class2@3f6b0be5]" started-at="2022-10-10T22:06:57 IST" name="Test3" finished-at="2022-10-10T22:06:57 IST" duration-ms="1" status="PASS">
          <reporter-output>
          </reporter-output>
        </test-method> <!-- Test3 -->
      </class> <!-- TestClasses.class2 -->
      <class name="TestClasses.class1">
        <test-method signature="Test3()[pri:0, instance:TestClasses.class1@71238fc2]" started-at="2022-10-10T22:06:57 IST" name="Test3" finished-at="2022-10-10T22:06:57 IST" duration-ms="13" status="PASS">
          <reporter-output>
          </reporter-output>
        </test-method> <!-- Test3 -->
      </class> <!-- TestClasses.class1 -->
    </test> <!-- Test -->
  </suite> <!-- Suite -->
</testng-results>
