<?xml version="1.0" encoding="UTF-8"?>
<!-- Generated by org.testng.reporters.JUnitReportReporter -->
<testsuite hostname="LAPTOP-EBACU4P3" failures="0" tests="8" name="Facebook.FavebookTest" time="0.011" errors="0" timestamp="2022-09-29T12:17:55 IST" skipped="0">
  <testcase classname="Facebook.FavebookTest" name="TC02" time="0.001"/>
  <system-out/>
  <testcase classname="Facebook.FavebookTest" name="TC03" time="0.001"/>
  <system-out/>
  <testcase classname="Facebook.FavebookTest" name="TC03" time="0.001"/>
  <system-out/>
  <testcase classname="Facebook.FavebookTest" name="TC03" time="0.002"/>
  <system-out/>
  <testcase classname="Facebook.FavebookTest" name="TC03" time="0.001"/>
  <system-out/>
  <testcase classname="Facebook.FavebookTest" name="TC03" time="0.002"/>
  <system-out/>
  <testcase classname="Facebook.FavebookTest" name="TC03" time="0.002"/>
  <system-out/>
  <testcase classname="Facebook.FavebookTest" name="TC01" time="0.001"/>
  <system-out/>
</testsuite> <!-- Facebook.FavebookTest -->
