<?xml version="1.0" encoding="UTF-8"?>
<!-- Generated by org.testng.reporters.JUnitXMLReporter -->
<testsuite ignored="6" hostname="LAPTOP-EBACU4P3" failures="0" tests="3" name="Test" time="0.1" errors="0" timestamp="2022-10-10T22:06:57 IST">
  <testcase classname="TestClasses.class1" name="Test3" time="0.013"/>
  <testcase classname="TestClasses.class3" name="Test3" time="0.001"/>
  <testcase classname="TestClasses.class2" name="Test3" time="0.001"/>
  <testcase classname="TestClasses.class3" name="Test1" time="0.0">
    <ignored/>
  </testcase> <!-- Test1 -->
  <testcase classname="TestClasses.class2" name="Test1" time="0.0">
    <ignored/>
  </testcase> <!-- Test1 -->
  <testcase classname="TestClasses.class1" name="Test1" time="0.0">
    <ignored/>
  </testcase> <!-- Test1 -->
  <testcase classname="TestClasses.class1" name="Test2" time="0.0">
    <ignored/>
  </testcase> <!-- Test2 -->
  <testcase classname="TestClasses.class2" name="Test2" time="0.0">
    <ignored/>
  </testcase> <!-- Test2 -->
  <testcase classname="TestClasses.class3" name="Test2" time="0.0">
    <ignored/>
  </testcase> <!-- Test2 -->
</testsuite> <!-- Test -->
