<?xml version="1.0" encoding="UTF-8"?>
<!-- Generated by org.testng.reporters.JUnitXMLReporter -->
<testsuite ignored="0" hostname="LAPTOP-EBACU4P3" failures="0" tests="9" name="Test1" time="0.103" errors="0" timestamp="2022-09-29T23:58:52 IST">
  <testcase classname="TestClasses.class1" name="Test1" time="0.013"/>
  <testcase classname="TestClasses.class1" name="Test2" time="0.001"/>
  <testcase classname="TestClasses.class1" name="Test3" time="0.002"/>
  <testcase classname="TestClasses.class3" name="Test1" time="0.001"/>
  <testcase classname="TestClasses.class3" name="Test2" time="0.001"/>
  <testcase classname="TestClasses.class3" name="Test3" time="0.001"/>
  <testcase classname="TestClasses.class2" name="Test1" time="0.002"/>
  <testcase classname="TestClasses.class2" name="Test2" time="0.002"/>
  <testcase classname="TestClasses.class2" name="Test3" time="0.002"/>
</testsuite> <!-- Test1 -->
